<?xml version="1.0" encoding="UTF-8"?>
<testng-results ignored="0" total="7" passed="7" failed="0" skipped="0">
  <reporter-output>
  </reporter-output>
  <suite started-at="2021-06-03T10:05:06Z" name="Default suite" finished-at="2021-06-03T10:05:21Z" duration-ms="14219">
    <groups>
    </groups>
    <test started-at="2021-06-03T10:05:06Z" name="Default test" finished-at="2021-06-03T10:05:21Z" duration-ms="14219">
      <class name="com.online.qa.testcases.Homepagetest">
        <test-method is-config="true" signature="setup()[pri:0, instance:com.online.qa.testcases.Homepagetest@53976f5c]" started-at="2021-06-03T15:35:06Z" name="setup" finished-at="2021-06-03T15:35:20Z" duration-ms="14057" status="PASS">
          <reporter-output>
          </reporter-output>
        </test-method> <!-- setup -->
        <test-method signature="addtocarkbrokoli()[pri:1, instance:com.online.qa.testcases.Homepagetest@53976f5c]" started-at="2021-06-03T15:35:20Z" name="addtocarkbrokoli" finished-at="2021-06-03T15:35:21Z" duration-ms="100" status="PASS">
          <reporter-output>
          </reporter-output>
        </test-method> <!-- addtocarkbrokoli -->
        <test-method signature="addtocarkbrokolicolor()[pri:2, instance:com.online.qa.testcases.Homepagetest@53976f5c]" started-at="2021-06-03T15:35:21Z" name="addtocarkbrokolicolor" finished-at="2021-06-03T15:35:21Z" duration-ms="32" status="PASS">
          <reporter-output>
          </reporter-output>
        </test-method> <!-- addtocarkbrokolicolor -->
        <test-method signature="Test3()[pri:3, instance:com.online.qa.testcases.Homepagetest@53976f5c]" started-at="2021-06-03T15:35:21Z" name="Test3" finished-at="2021-06-03T15:35:21Z" duration-ms="1" status="PASS">
          <reporter-output>
          </reporter-output>
        </test-method> <!-- Test3 -->
        <test-method signature="Test4()[pri:4, instance:com.online.qa.testcases.Homepagetest@53976f5c]" started-at="2021-06-03T15:35:21Z" name="Test4" finished-at="2021-06-03T15:35:21Z" duration-ms="1" status="PASS">
          <reporter-output>
          </reporter-output>
        </test-method> <!-- Test4 -->
        <test-method signature="Test5()[pri:5, instance:com.online.qa.testcases.Homepagetest@53976f5c]" started-at="2021-06-03T15:35:21Z" name="Test5" finished-at="2021-06-03T15:35:21Z" duration-ms="1" status="PASS">
          <reporter-output>
          </reporter-output>
        </test-method> <!-- Test5 -->
        <test-method signature="Test6()[pri:6, instance:com.online.qa.testcases.Homepagetest@53976f5c]" started-at="2021-06-03T15:35:21Z" name="Test6" finished-at="2021-06-03T15:35:21Z" duration-ms="0" status="PASS">
          <reporter-output>
          </reporter-output>
        </test-method> <!-- Test6 -->
        <test-method signature="Test7()[pri:7, instance:com.online.qa.testcases.Homepagetest@53976f5c]" started-at="2021-06-03T15:35:21Z" name="Test7" finished-at="2021-06-03T15:35:21Z" duration-ms="2" status="PASS">
          <reporter-output>
          </reporter-output>
        </test-method> <!-- Test7 -->
      </class> <!-- com.online.qa.testcases.Homepagetest -->
    </test> <!-- Default test -->
  </suite> <!-- Default suite -->
</testng-results>
