<?xml version="1.0" encoding="UTF-8"?>
<testng-results ignored="0" total="2" passed="2" failed="0" skipped="0">
  <reporter-output>
  </reporter-output>
  <suite started-at="2021-06-03T05:57:37Z" name="Suite" finished-at="2021-06-03T05:57:51Z" duration-ms="14177">
    <groups>
    </groups>
    <test started-at="2021-06-03T05:57:37Z" name="Test" finished-at="2021-06-03T05:57:51Z" duration-ms="14177">
      <class name="com.online.qa.testcases.Homepagetest">
        <test-method is-config="true" signature="setup()[pri:0, instance:com.online.qa.testcases.Homepagetest@67080771]" started-at="2021-06-03T11:27:37Z" name="setup" finished-at="2021-06-03T11:27:51Z" duration-ms="14019" status="PASS">
          <reporter-output>
          </reporter-output>
        </test-method> <!-- setup -->
        <test-method signature="addtocarkbrokoli()[pri:1, instance:com.online.qa.testcases.Homepagetest@67080771]" started-at="2021-06-03T11:27:51Z" name="addtocarkbrokoli" finished-at="2021-06-03T11:27:51Z" duration-ms="101" status="PASS">
          <reporter-output>
          </reporter-output>
        </test-method> <!-- addtocarkbrokoli -->
        <test-method signature="addtocarkbrokolicolor()[pri:2, instance:com.online.qa.testcases.Homepagetest@67080771]" started-at="2021-06-03T11:27:51Z" name="addtocarkbrokolicolor" finished-at="2021-06-03T11:27:51Z" duration-ms="38" status="PASS">
          <reporter-output>
          </reporter-output>
        </test-method> <!-- addtocarkbrokolicolor -->
      </class> <!-- com.online.qa.testcases.Homepagetest -->
    </test> <!-- Test -->
  </suite> <!-- Suite -->
</testng-results>
